<?xml version="1.0" encoding="UTF-8"?>
<coverage generated="1684829552476" clover="3.2.0">
  <project timestamp="1684829552476" name="All files">
    <metrics statements="27" coveredstatements="27" conditionals="4" coveredconditionals="4" methods="11" coveredmethods="11" elements="42" coveredelements="42" complexity="0" loc="27" ncloc="27" packages="1" files="3" classes="3"/>
    <file name="dateTime.js" path="/Users/christoplisek/Projects_Makers/Solo_Projects/bank-challenge/src/dateTime.js">
      <metrics statements="6" coveredstatements="6" conditionals="0" coveredconditionals="0" methods="2" coveredmethods="2"/>
      <line num="3" count="3" type="stmt"/>
      <line num="7" count="5" type="stmt"/>
      <line num="8" count="5" type="stmt"/>
      <line num="9" count="5" type="stmt"/>
      <line num="10" count="5" type="stmt"/>
      <line num="14" count="2" type="stmt"/>
    </file>
    <file name="recordLedger.js" path="/Users/christoplisek/Projects_Makers/Solo_Projects/bank-challenge/src/recordLedger.js">
      <metrics statements="17" coveredstatements="17" conditionals="4" coveredconditionals="4" methods="6" coveredmethods="6"/>
      <line num="3" count="3" type="stmt"/>
      <line num="4" count="3" type="stmt"/>
      <line num="5" count="3" type="stmt"/>
      <line num="9" count="1" type="stmt"/>
      <line num="10" count="1" type="stmt"/>
      <line num="11" count="1" type="stmt"/>
      <line num="12" count="1" type="stmt"/>
      <line num="22" count="1" type="stmt"/>
      <line num="23" count="1" type="stmt"/>
      <line num="24" count="1" type="stmt"/>
      <line num="25" count="1" type="stmt"/>
      <line num="35" count="3" type="stmt"/>
      <line num="36" count="4" type="stmt"/>
      <line num="37" count="3" type="stmt"/>
      <line num="38" count="5" type="cond" truecount="4" falsecount="0"/>
      <line num="40" count="3" type="stmt"/>
      <line num="44" count="1" type="stmt"/>
    </file>
    <file name="transaction.js" path="/Users/christoplisek/Projects_Makers/Solo_Projects/bank-challenge/src/transaction.js">
      <metrics statements="4" coveredstatements="4" conditionals="0" coveredconditionals="0" methods="3" coveredmethods="3"/>
      <line num="3" count="4" type="stmt"/>
      <line num="7" count="4" type="stmt"/>
      <line num="11" count="2" type="stmt"/>
      <line num="15" count="2" type="stmt"/>
    </file>
  </project>
</coverage>
