<?xml version="1.0" encoding="UTF-8"?>
<coverage generated="1684929779798" clover="3.2.0">
  <project timestamp="1684929779798" name="All files">
    <metrics statements="32" coveredstatements="32" conditionals="10" coveredconditionals="10" methods="11" coveredmethods="11" elements="53" coveredelements="53" complexity="0" loc="32" ncloc="32" packages="1" files="3" classes="3"/>
    <file name="balanceUpdate.js" path="/Users/christoplisek/Projects_Makers/Solo_Projects/bank-challenge/src/balanceUpdate.js">
      <metrics statements="5" coveredstatements="5" conditionals="4" coveredconditionals="4" methods="2" coveredmethods="2"/>
      <line num="1" count="2" type="stmt"/>
      <line num="5" count="4" type="stmt"/>
      <line num="9" count="7" type="stmt"/>
      <line num="10" count="7" type="stmt"/>
      <line num="18" count="2" type="stmt"/>
    </file>
    <file name="dateTime.js" path="/Users/christoplisek/Projects_Makers/Solo_Projects/bank-challenge/src/dateTime.js">
      <metrics statements="6" coveredstatements="6" conditionals="0" coveredconditionals="0" methods="2" coveredmethods="2"/>
      <line num="3" count="7" type="stmt"/>
      <line num="7" count="10" type="stmt"/>
      <line num="8" count="10" type="stmt"/>
      <line num="9" count="10" type="stmt"/>
      <line num="10" count="10" type="stmt"/>
      <line num="14" count="3" type="stmt"/>
    </file>
    <file name="recordLedger.js" path="/Users/christoplisek/Projects_Makers/Solo_Projects/bank-challenge/src/recordLedger.js">
      <metrics statements="21" coveredstatements="21" conditionals="6" coveredconditionals="6" methods="7" coveredmethods="7"/>
      <line num="3" count="4" type="stmt"/>
      <line num="4" count="4" type="stmt"/>
      <line num="8" count="5" type="stmt"/>
      <line num="12" count="4" type="stmt"/>
      <line num="13" count="4" type="stmt"/>
      <line num="14" count="8" type="cond" truecount="2" falsecount="0"/>
      <line num="15" count="8" type="stmt"/>
      <line num="20" count="4" type="stmt"/>
      <line num="21" count="4" type="stmt"/>
      <line num="22" count="4" type="stmt"/>
      <line num="24" count="4" type="stmt"/>
      <line num="25" count="8" type="cond" truecount="4" falsecount="0"/>
      <line num="28" count="4" type="stmt"/>
      <line num="32" count="1" type="stmt"/>
      <line num="34" count="1" type="stmt"/>
      <line num="36" count="1" type="stmt"/>
      <line num="37" count="1" type="stmt"/>
      <line num="39" count="1" type="stmt"/>
      <line num="40" count="1" type="stmt"/>
      <line num="41" count="1" type="stmt"/>
      <line num="43" count="1" type="stmt"/>
    </file>
  </project>
</coverage>
