{"/Users/christoplisek/Projects_Makers/Solo_Projects/bank-challenge/src/dateTime.js": {"path":"/Users/christoplisek/Projects_Makers/Solo_Projects/bank-challenge/src/dateTime.js","statementMap":{"0":{"start":{"line":3,"column":6},"end":{"line":3,"column":29}},"1":{"start":{"line":7,"column":20},"end":{"line":7,"column":39}},"2":{"start":{"line":8,"column":22},"end":{"line":8,"column":42}},"3":{"start":{"line":9,"column":21},"end":{"line":9,"column":44}},"4":{"start":{"line":10,"column":8},"end":{"line":10,"column":41}},"5":{"start":{"line":14,"column":0},"end":{"line":14,"column":25}}},"fnMap":{"0":{"name":"(anonymous_0)","decl":{"start":{"line":2,"column":4},"end":{"line":2,"column":5}},"loc":{"start":{"line":2,"column":18},"end":{"line":4,"column":5}},"line":2},"1":{"name":"(anonymous_1)","decl":{"start":{"line":6,"column":4},"end":{"line":6,"column":5}},"loc":{"start":{"line":6,"column":14},"end":{"line":11,"column":5}},"line":6}},"branchMap":{},"s":{"0":3,"1":5,"2":5,"3":5,"4":5,"5":2},"f":{"0":3,"1":5},"b":{},"_coverageSchema":"1a1c01bbd47fc00a2c39e90264f33305004495a9","hash":"5f839e2aadb7fccc31bd1a5e9744e889b943e1ef"}
,"/Users/christoplisek/Projects_Makers/Solo_Projects/bank-challenge/src/recordLedger.js": {"path":"/Users/christoplisek/Projects_Makers/Solo_Projects/bank-challenge/src/recordLedger.js","statementMap":{"0":{"start":{"line":5,"column":8},"end":{"line":5,"column":39}},"1":{"start":{"line":6,"column":8},"end":{"line":6,"column":25}},"2":{"start":{"line":7,"column":8},"end":{"line":7,"column":25}},"3":{"start":{"line":11,"column":8},"end":{"line":11,"column":29}},"4":{"start":{"line":12,"column":21},"end":{"line":12,"column":40}},"5":{"start":{"line":13,"column":20},"end":{"line":13,"column":52}},"6":{"start":{"line":14,"column":8},"end":{"line":20,"column":15}},"7":{"start":{"line":24,"column":8},"end":{"line":24,"column":29}},"8":{"start":{"line":25,"column":21},"end":{"line":25,"column":40}},"9":{"start":{"line":26,"column":22},"end":{"line":26,"column":55}},"10":{"start":{"line":27,"column":8},"end":{"line":33,"column":15}},"11":{"start":{"line":37,"column":24},"end":{"line":37,"column":63}},"12":{"start":{"line":38,"column":29},"end":{"line":38,"column":92}},"13":{"start":{"line":38,"column":56},"end":{"line":38,"column":91}},"14":{"start":{"line":39,"column":27},"end":{"line":41,"column":9}},"15":{"start":{"line":40,"column":20},"end":{"line":40,"column":101}},"16":{"start":{"line":42,"column":8},"end":{"line":42,"column":52}},"17":{"start":{"line":46,"column":0},"end":{"line":46,"column":29}}},"fnMap":{"0":{"name":"(anonymous_0)","decl":{"start":{"line":4,"column":4},"end":{"line":4,"column":5}},"loc":{"start":{"line":4,"column":36},"end":{"line":8,"column":5}},"line":4},"1":{"name":"(anonymous_1)","decl":{"start":{"line":10,"column":4},"end":{"line":10,"column":5}},"loc":{"start":{"line":10,"column":37},"end":{"line":21,"column":5}},"line":10},"2":{"name":"(anonymous_2)","decl":{"start":{"line":23,"column":4},"end":{"line":23,"column":5}},"loc":{"start":{"line":23,"column":38},"end":{"line":34,"column":5}},"line":23},"3":{"name":"(anonymous_3)","decl":{"start":{"line":36,"column":4},"end":{"line":36,"column":5}},"loc":{"start":{"line":36,"column":18},"end":{"line":43,"column":5}},"line":36},"4":{"name":"(anonymous_4)","decl":{"start":{"line":38,"column":46},"end":{"line":38,"column":47}},"loc":{"start":{"line":38,"column":56},"end":{"line":38,"column":91}},"line":38},"5":{"name":"(anonymous_5)","decl":{"start":{"line":40,"column":12},"end":{"line":40,"column":13}},"loc":{"start":{"line":40,"column":20},"end":{"line":40,"column":101}},"line":40}},"branchMap":{"0":{"loc":{"start":{"line":40,"column":39},"end":{"line":40,"column":55}},"type":"binary-expr","locations":[{"start":{"line":40,"column":39},"end":{"line":40,"column":49}},{"start":{"line":40,"column":53},"end":{"line":40,"column":55}}],"line":40},"1":{"loc":{"start":{"line":40,"column":62},"end":{"line":40,"column":80}},"type":"binary-expr","locations":[{"start":{"line":40,"column":62},"end":{"line":40,"column":74}},{"start":{"line":40,"column":78},"end":{"line":40,"column":80}}],"line":40}},"s":{"0":3,"1":3,"2":3,"3":1,"4":1,"5":1,"6":1,"7":1,"8":1,"9":1,"10":1,"11":3,"12":3,"13":4,"14":3,"15":5,"16":3,"17":1},"f":{"0":3,"1":1,"2":1,"3":3,"4":4,"5":5},"b":{"0":[5,2],"1":[5,3]},"_coverageSchema":"1a1c01bbd47fc00a2c39e90264f33305004495a9","hash":"f0ab8838473da476913dfda6ce00763d7726e9ad"}
,"/Users/christoplisek/Projects_Makers/Solo_Projects/bank-challenge/src/transaction.js": {"path":"/Users/christoplisek/Projects_Makers/Solo_Projects/bank-challenge/src/transaction.js","statementMap":{"0":{"start":{"line":3,"column":8},"end":{"line":3,"column":25}},"1":{"start":{"line":7,"column":8},"end":{"line":7,"column":35}},"2":{"start":{"line":11,"column":8},"end":{"line":11,"column":37}},"3":{"start":{"line":15,"column":0},"end":{"line":15,"column":28}}},"fnMap":{"0":{"name":"(anonymous_0)","decl":{"start":{"line":2,"column":4},"end":{"line":2,"column":5}},"loc":{"start":{"line":2,"column":19},"end":{"line":4,"column":5}},"line":2},"1":{"name":"(anonymous_1)","decl":{"start":{"line":6,"column":4},"end":{"line":6,"column":5}},"loc":{"start":{"line":6,"column":17},"end":{"line":8,"column":5}},"line":6},"2":{"name":"(anonymous_2)","decl":{"start":{"line":10,"column":4},"end":{"line":10,"column":5}},"loc":{"start":{"line":10,"column":20},"end":{"line":12,"column":5}},"line":10}},"branchMap":{},"s":{"0":4,"1":4,"2":2,"3":2},"f":{"0":4,"1":4,"2":2},"b":{},"_coverageSchema":"1a1c01bbd47fc00a2c39e90264f33305004495a9","hash":"2c338fb23e7ae0eefff7319731ef6c5ec2498280"}
}
