{"/Users/christoplisek/Projects_Makers/Solo_Projects/bank-challenge/src/dateTime.js": {"path":"/Users/christoplisek/Projects_Makers/Solo_Projects/bank-challenge/src/dateTime.js","statementMap":{"0":{"start":{"line":3,"column":6},"end":{"line":3,"column":29}},"1":{"start":{"line":7,"column":20},"end":{"line":7,"column":39}},"2":{"start":{"line":8,"column":22},"end":{"line":8,"column":42}},"3":{"start":{"line":9,"column":21},"end":{"line":9,"column":44}},"4":{"start":{"line":10,"column":8},"end":{"line":10,"column":41}},"5":{"start":{"line":14,"column":0},"end":{"line":14,"column":25}}},"fnMap":{"0":{"name":"(anonymous_0)","decl":{"start":{"line":2,"column":4},"end":{"line":2,"column":5}},"loc":{"start":{"line":2,"column":18},"end":{"line":4,"column":5}},"line":2},"1":{"name":"(anonymous_1)","decl":{"start":{"line":6,"column":4},"end":{"line":6,"column":5}},"loc":{"start":{"line":6,"column":14},"end":{"line":11,"column":5}},"line":6}},"branchMap":{},"s":{"0":4,"1":7,"2":7,"3":7,"4":7,"5":2},"f":{"0":4,"1":7},"b":{},"_coverageSchema":"1a1c01bbd47fc00a2c39e90264f33305004495a9","hash":"5f839e2aadb7fccc31bd1a5e9744e889b943e1ef"}
,"/Users/christoplisek/Projects_Makers/Solo_Projects/bank-challenge/src/recordLedger.js": {"path":"/Users/christoplisek/Projects_Makers/Solo_Projects/bank-challenge/src/recordLedger.js","statementMap":{"0":{"start":{"line":3,"column":8},"end":{"line":3,"column":39}},"1":{"start":{"line":4,"column":8},"end":{"line":4,"column":25}},"2":{"start":{"line":5,"column":8},"end":{"line":5,"column":25}},"3":{"start":{"line":9,"column":8},"end":{"line":9,"column":29}},"4":{"start":{"line":10,"column":21},"end":{"line":10,"column":40}},"5":{"start":{"line":11,"column":20},"end":{"line":11,"column":52}},"6":{"start":{"line":12,"column":8},"end":{"line":18,"column":15}},"7":{"start":{"line":22,"column":8},"end":{"line":22,"column":29}},"8":{"start":{"line":23,"column":21},"end":{"line":23,"column":40}},"9":{"start":{"line":24,"column":22},"end":{"line":24,"column":55}},"10":{"start":{"line":25,"column":8},"end":{"line":31,"column":15}},"11":{"start":{"line":35,"column":24},"end":{"line":35,"column":63}},"12":{"start":{"line":36,"column":29},"end":{"line":36,"column":92}},"13":{"start":{"line":36,"column":56},"end":{"line":36,"column":91}},"14":{"start":{"line":37,"column":27},"end":{"line":39,"column":9}},"15":{"start":{"line":38,"column":18},"end":{"line":38,"column":99}},"16":{"start":{"line":40,"column":8},"end":{"line":40,"column":52}},"17":{"start":{"line":44,"column":0},"end":{"line":44,"column":29}},"18":{"start":{"line":46,"column":20},"end":{"line":46,"column":44}},"19":{"start":{"line":47,"column":17},"end":{"line":47,"column":38}},"20":{"start":{"line":49,"column":20},"end":{"line":49,"column":37}},"21":{"start":{"line":50,"column":13},"end":{"line":50,"column":27}},"22":{"start":{"line":51,"column":15},"end":{"line":51,"column":50}},"23":{"start":{"line":53,"column":0},"end":{"line":53,"column":38}},"24":{"start":{"line":54,"column":0},"end":{"line":54,"column":38}},"25":{"start":{"line":55,"column":0},"end":{"line":55,"column":37}},"26":{"start":{"line":56,"column":0},"end":{"line":56,"column":37}},"27":{"start":{"line":57,"column":0},"end":{"line":57,"column":34}}},"fnMap":{"0":{"name":"(anonymous_0)","decl":{"start":{"line":2,"column":4},"end":{"line":2,"column":5}},"loc":{"start":{"line":2,"column":36},"end":{"line":6,"column":5}},"line":2},"1":{"name":"(anonymous_1)","decl":{"start":{"line":8,"column":4},"end":{"line":8,"column":5}},"loc":{"start":{"line":8,"column":37},"end":{"line":19,"column":5}},"line":8},"2":{"name":"(anonymous_2)","decl":{"start":{"line":21,"column":4},"end":{"line":21,"column":5}},"loc":{"start":{"line":21,"column":38},"end":{"line":32,"column":5}},"line":21},"3":{"name":"(anonymous_3)","decl":{"start":{"line":34,"column":4},"end":{"line":34,"column":5}},"loc":{"start":{"line":34,"column":18},"end":{"line":41,"column":5}},"line":34},"4":{"name":"(anonymous_4)","decl":{"start":{"line":36,"column":46},"end":{"line":36,"column":47}},"loc":{"start":{"line":36,"column":56},"end":{"line":36,"column":91}},"line":36},"5":{"name":"(anonymous_5)","decl":{"start":{"line":38,"column":10},"end":{"line":38,"column":11}},"loc":{"start":{"line":38,"column":18},"end":{"line":38,"column":99}},"line":38}},"branchMap":{"0":{"loc":{"start":{"line":38,"column":37},"end":{"line":38,"column":53}},"type":"binary-expr","locations":[{"start":{"line":38,"column":37},"end":{"line":38,"column":47}},{"start":{"line":38,"column":51},"end":{"line":38,"column":53}}],"line":38},"1":{"loc":{"start":{"line":38,"column":60},"end":{"line":38,"column":78}},"type":"binary-expr","locations":[{"start":{"line":38,"column":60},"end":{"line":38,"column":72}},{"start":{"line":38,"column":76},"end":{"line":38,"column":78}}],"line":38}},"s":{"0":4,"1":4,"2":4,"3":4,"4":4,"5":4,"6":4,"7":2,"8":2,"9":2,"10":2,"11":4,"12":4,"13":7,"14":4,"15":9,"16":4,"17":1,"18":1,"19":1,"20":1,"21":1,"22":1,"23":1,"24":1,"25":1,"26":1,"27":1},"f":{"0":4,"1":4,"2":2,"3":4,"4":7,"5":9},"b":{"0":[9,5],"1":[9,4]},"_coverageSchema":"1a1c01bbd47fc00a2c39e90264f33305004495a9","hash":"5cfa0441a2d3fc52e1b254db3378896987bf889f"}
,"/Users/christoplisek/Projects_Makers/Solo_Projects/bank-challenge/src/transaction.js": {"path":"/Users/christoplisek/Projects_Makers/Solo_Projects/bank-challenge/src/transaction.js","statementMap":{"0":{"start":{"line":3,"column":8},"end":{"line":3,"column":25}},"1":{"start":{"line":7,"column":8},"end":{"line":7,"column":35}},"2":{"start":{"line":11,"column":8},"end":{"line":11,"column":37}},"3":{"start":{"line":15,"column":0},"end":{"line":15,"column":28}}},"fnMap":{"0":{"name":"(anonymous_0)","decl":{"start":{"line":2,"column":4},"end":{"line":2,"column":5}},"loc":{"start":{"line":2,"column":19},"end":{"line":4,"column":5}},"line":2},"1":{"name":"(anonymous_1)","decl":{"start":{"line":6,"column":4},"end":{"line":6,"column":5}},"loc":{"start":{"line":6,"column":17},"end":{"line":8,"column":5}},"line":6},"2":{"name":"(anonymous_2)","decl":{"start":{"line":10,"column":4},"end":{"line":10,"column":5}},"loc":{"start":{"line":10,"column":20},"end":{"line":12,"column":5}},"line":10}},"branchMap":{},"s":{"0":5,"1":7,"2":3,"3":2},"f":{"0":5,"1":7,"2":3},"b":{},"_coverageSchema":"1a1c01bbd47fc00a2c39e90264f33305004495a9","hash":"2c338fb23e7ae0eefff7319731ef6c5ec2498280"}
}
