TN:
SF:src/dateTime.js
FN:2,(anonymous_0)
FN:6,(anonymous_1)
FNF:2
FNH:2
FNDA:4,(anonymous_0)
FNDA:7,(anonymous_1)
DA:3,4
DA:7,7
DA:8,7
DA:9,7
DA:10,7
DA:14,2
LF:6
LH:6
BRF:0
BRH:0
end_of_record
TN:
SF:src/recordLedger.js
FN:2,(anonymous_0)
FN:8,(anonymous_1)
FN:21,(anonymous_2)
FN:34,(anonymous_3)
FN:37,(anonymous_4)
FNF:5
FNH:5
FNDA:3,(anonymous_0)
FNDA:4,(anonymous_1)
FNDA:2,(anonymous_2)
FNDA:3,(anonymous_3)
FNDA:6,(anonymous_4)
DA:3,3
DA:4,3
DA:5,3
DA:9,4
DA:10,4
DA:11,4
DA:12,4
DA:22,2
DA:23,2
DA:24,2
DA:25,2
DA:35,3
DA:36,3
DA:37,6
DA:39,3
DA:43,1
DA:45,1
DA:46,1
DA:48,1
DA:49,1
DA:50,1
DA:52,1
DA:53,1
DA:54,1
DA:55,1
DA:56,1
LF:26
LH:26
BRDA:37,0,0,6
BRDA:37,0,1,4
BRDA:37,1,0,6
BRDA:37,1,1,2
BRF:4
BRH:4
end_of_record
TN:
SF:src/transaction.js
FN:2,(anonymous_0)
FN:6,(anonymous_1)
FN:10,(anonymous_2)
FNF:3
FNH:3
FNDA:5,(anonymous_0)
FNDA:7,(anonymous_1)
FNDA:3,(anonymous_2)
DA:3,5
DA:7,7
DA:11,3
DA:15,2
LF:4
LH:4
BRF:0
BRH:0
end_of_record
