TN:
SF:src/dateTime.js
FN:2,(anonymous_0)
FN:6,(anonymous_1)
FNF:2
FNH:2
FNDA:4,(anonymous_0)
FNDA:7,(anonymous_1)
DA:3,4
DA:7,7
DA:8,7
DA:9,7
DA:10,7
DA:14,2
LF:6
LH:6
BRF:0
BRH:0
end_of_record
TN:
SF:src/recordLedger.js
FN:2,(anonymous_0)
FN:8,(anonymous_1)
FN:21,(anonymous_2)
FN:34,(anonymous_3)
FN:36,(anonymous_4)
FN:38,(anonymous_5)
FNF:6
FNH:6
FNDA:4,(anonymous_0)
FNDA:4,(anonymous_1)
FNDA:2,(anonymous_2)
FNDA:4,(anonymous_3)
FNDA:7,(anonymous_4)
FNDA:9,(anonymous_5)
DA:3,4
DA:4,4
DA:5,4
DA:9,4
DA:10,4
DA:11,4
DA:12,4
DA:22,2
DA:23,2
DA:24,2
DA:25,2
DA:35,4
DA:36,7
DA:37,4
DA:38,9
DA:40,4
DA:44,1
DA:46,1
DA:47,1
DA:49,1
DA:50,1
DA:51,1
DA:53,1
DA:54,1
DA:55,1
DA:56,1
DA:57,1
LF:27
LH:27
BRDA:38,0,0,9
BRDA:38,0,1,5
BRDA:38,1,0,9
BRDA:38,1,1,4
BRF:4
BRH:4
end_of_record
TN:
SF:src/transaction.js
FN:2,(anonymous_0)
FN:6,(anonymous_1)
FN:10,(anonymous_2)
FNF:3
FNH:3
FNDA:5,(anonymous_0)
FNDA:7,(anonymous_1)
FNDA:3,(anonymous_2)
DA:3,5
DA:7,7
DA:11,3
DA:15,2
LF:4
LH:4
BRF:0
BRH:0
end_of_record
